<?xml version="1.0" encoding="UTF-8"?>
<!-- Generated by org.testng.reporters.JUnitReportReporter -->
<testsuite skipped="0" hostname="CBT-MH-000" name="TestAutomation.PHPTravlels.RegistrationTestCase1" tests="1" failures="0" timestamp="03 Oct 2019 09:32:13 GMT" time="19.266" errors="0">
  <testcase name="RegistrationTestCases1" time="19.266" classname="TestAutomation.PHPTravlels.RegistrationTestCase1"/>
</testsuite> <!-- TestAutomation.PHPTravlels.RegistrationTestCase1 -->
