<?xml version="1.0" encoding="UTF-8"?>
<!-- Generated by org.testng.reporters.JUnitReportReporter -->
<testsuite skipped="0" hostname="CBT-MH-000" name="TestAutomation.PHPTravlels.TourSearchTestCase" tests="1" failures="0" timestamp="11 Oct 2019 12:28:11 GMT" time="19.248" errors="0">
  <testcase name="TourSearch" time="19.248" classname="TestAutomation.PHPTravlels.TourSearchTestCase"/>
</testsuite> <!-- TestAutomation.PHPTravlels.TourSearchTestCase -->
