<?xml version="1.0" encoding="UTF-8"?>
<!-- Generated by org.testng.reporters.JUnitReportReporter -->
<testsuite skipped="0" hostname="CBT-MH-000" name="TestAutomation.PHPTravlels.HotelSearchTestCase" tests="1" failures="0" timestamp="11 Oct 2019 12:24:40 GMT" time="29.619" errors="0">
  <testcase name="HotelSearch" time="29.619" classname="TestAutomation.PHPTravlels.HotelSearchTestCase"/>
</testsuite> <!-- TestAutomation.PHPTravlels.HotelSearchTestCase -->
