<?xml version="1.0" encoding="UTF-8"?>
<!-- Generated by org.testng.reporters.JUnitReportReporter -->
<testsuite skipped="0" hostname="CBT-MH-000" name="TestAutomation.PHPTravlels.FlightSearchTestCase1" tests="1" failures="0" timestamp="11 Oct 2019 12:17:55 GMT" time="28.907" errors="0">
  <testcase name="login" time="28.907" classname="TestAutomation.PHPTravlels.FlightSearchTestCase1"/>
</testsuite> <!-- TestAutomation.PHPTravlels.FlightSearchTestCase1 -->
